app/build/outputs/logs/manifest-merger-release-report.txt
-- Merging decision tree log ---
manifest
ADDED from src/main/AndroidManifest.xml:2:1-191:12
	package
		ADDED from src/main/AndroidManifest.xml:3:5-32
		INJECTED from src/main/AndroidManifest.xml
		INJECTED from src/main/AndroidManifest.xml
	android:versionName
		ADDED from src/main/AndroidManifest.xml:5:5-30
		INJECTED from src/main/AndroidManifest.xml
		INJECTED from src/main/AndroidManifest.xml
	android:versionCode
		ADDED from src/main/AndroidManifest.xml:4:5-28
		INJECTED from src/main/AndroidManifest.xml
		INJECTED from src/main/AndroidManifest.xml
	xmlns:android
		ADDED from src/main/AndroidManifest.xml:2:11-69
uses-sdk
ADDED from src/main/AndroidManifest.xml:7:5-9:41
MERGED from [com.android.support:appcompat-v7:23.0.0] AndroidManifest.xml:20:5-43
MERGED from [com.android.support:support-v4:23.0.0] AndroidManifest.xml:20:5-43
MERGED from [com.android.support:recyclerview-v7:22.0.0] AndroidManifest.xml:20:5-43
MERGED from [com.android.support:support-v4:23.0.0] AndroidManifest.xml:20:5-43
MERGED from [mydemo:baselibrary:unspecified] AndroidManifest.xml:7:5-9:41
MERGED from [com.android.support:support-v4:23.0.0] AndroidManifest.xml:20:5-43
MERGED from [mydemo:baidumaplibrary:unspecified] AndroidManifest.xml:7:5-9:41
MERGED from [mydemo:baselibrary:unspecified] AndroidManifest.xml:7:5-9:41
MERGED from [com.android.support:support-v4:23.0.0] AndroidManifest.xml:20:5-43
MERGED from [mydemo:pullzoomviewlibrary:unspecified] AndroidManifest.xml:7:5-9:41
MERGED from [com.android.support:support-v4:23.0.0] AndroidManifest.xml:20:5-43
MERGED from [com.android.support:appcompat-v7:23.0.0] AndroidManifest.xml:20:5-43
MERGED from [com.android.support:support-v4:23.0.0] AndroidManifest.xml:20:5-43
	android:targetSdkVersion
		ADDED from src/main/AndroidManifest.xml:9:9-38
		INJECTED from src/main/AndroidManifest.xml
		INJECTED from src/main/AndroidManifest.xml
	android:minSdkVersion
		ADDED from src/main/AndroidManifest.xml:8:9-35
		INJECTED from src/main/AndroidManifest.xml
		INJECTED from src/main/AndroidManifest.xml
permission#com.xyggun.mydemo.permission.JPUSH_MESSAGE
ADDED from src/main/AndroidManifest.xml:12:5-14:47
	android:protectionLevel
		ADDED from src/main/AndroidManifest.xml:14:9-44
	android:name
		ADDED from src/main/AndroidManifest.xml:13:9-66
uses-permission#com.xyggun.mydemo.permission.JPUSH_MESSAGE
ADDED from src/main/AndroidManifest.xml:17:5-82
	android:name
		ADDED from src/main/AndroidManifest.xml:17:22-79
uses-permission#android.permission.RECEIVE_USER_PRESENT
ADDED from src/main/AndroidManifest.xml:18:5-79
	android:name
		ADDED from src/main/AndroidManifest.xml:18:22-76
uses-permission#android.permission.INTERNET
ADDED from src/main/AndroidManifest.xml:19:5-67
	android:name
		ADDED from src/main/AndroidManifest.xml:19:22-64
uses-permission#android.permission.WAKE_LOCK
ADDED from src/main/AndroidManifest.xml:20:5-68
	android:name
		ADDED from src/main/AndroidManifest.xml:20:22-65
uses-permission#android.permission.READ_PHONE_STATE
ADDED from src/main/AndroidManifest.xml:21:5-75
	android:name
		ADDED from src/main/AndroidManifest.xml:21:22-72
uses-permission#android.permission.WRITE_EXTERNAL_STORAGE
ADDED from src/main/AndroidManifest.xml:22:5-81
	android:name
		ADDED from src/main/AndroidManifest.xml:22:22-78
uses-permission#android.permission.READ_EXTERNAL_STORAGE
ADDED from src/main/AndroidManifest.xml:23:5-80
	android:name
		ADDED from src/main/AndroidManifest.xml:23:22-77
uses-permission#android.permission.VIBRATE
ADDED from src/main/AndroidManifest.xml:24:5-66
	android:name
		ADDED from src/main/AndroidManifest.xml:24:22-63
uses-permission#android.permission.MOUNT_UNMOUNT_FILESYSTEMS
ADDED from src/main/AndroidManifest.xml:25:5-84
	android:name
		ADDED from src/main/AndroidManifest.xml:25:22-81
uses-permission#android.permission.ACCESS_NETWORK_STATE
ADDED from src/main/AndroidManifest.xml:26:5-79
	android:name
		ADDED from src/main/AndroidManifest.xml:26:22-76
uses-permission#android.permission.WRITE_SETTINGS
ADDED from src/main/AndroidManifest.xml:27:5-73
	android:name
		ADDED from src/main/AndroidManifest.xml:27:22-70
uses-permission#android.permission.ACCESS_COARSE_LOCATION
ADDED from src/main/AndroidManifest.xml:30:5-81
	android:name
		ADDED from src/main/AndroidManifest.xml:30:22-78
uses-permission#android.permission.ACCESS_WIFI_STATE
ADDED from src/main/AndroidManifest.xml:31:5-76
	android:name
		ADDED from src/main/AndroidManifest.xml:31:22-73
uses-permission#android.permission.CHANGE_WIFI_STATE
ADDED from src/main/AndroidManifest.xml:32:5-76
	android:name
		ADDED from src/main/AndroidManifest.xml:32:22-73
uses-permission#android.permission.ACCESS_FINE_LOCATION
ADDED from src/main/AndroidManifest.xml:33:5-79
	android:name
		ADDED from src/main/AndroidManifest.xml:33:22-76
uses-permission#android.permission.ACCESS_LOCATION_EXTRA_COMMANDS
ADDED from src/main/AndroidManifest.xml:34:5-89
	android:name
		ADDED from src/main/AndroidManifest.xml:34:22-86
uses-permission#android.permission.CHANGE_NETWORK_STATE
ADDED from src/main/AndroidManifest.xml:35:5-79
	android:name
		ADDED from src/main/AndroidManifest.xml:35:22-76
application
ADDED from src/main/AndroidManifest.xml:37:5-189:19
MERGED from [com.android.support:appcompat-v7:23.0.0] AndroidManifest.xml:22:5-20
MERGED from [com.android.support:support-v4:23.0.0] AndroidManifest.xml:22:5-20
MERGED from [com.android.support:recyclerview-v7:22.0.0] AndroidManifest.xml:22:5-26:19
MERGED from [com.android.support:support-v4:23.0.0] AndroidManifest.xml:22:5-20
MERGED from [mydemo:baselibrary:unspecified] AndroidManifest.xml:11:5-14:19
MERGED from [com.android.support:support-v4:23.0.0] AndroidManifest.xml:22:5-20
MERGED from [mydemo:baidumaplibrary:unspecified] AndroidManifest.xml:11:5-24:19
MERGED from [mydemo:baselibrary:unspecified] AndroidManifest.xml:11:5-14:19
MERGED from [com.android.support:support-v4:23.0.0] AndroidManifest.xml:22:5-20
MERGED from [mydemo:pullzoomviewlibrary:unspecified] AndroidManifest.xml:11:5-14:19
MERGED from [com.android.support:support-v4:23.0.0] AndroidManifest.xml:22:5-20
MERGED from [com.android.support:appcompat-v7:23.0.0] AndroidManifest.xml:22:5-20
MERGED from [com.android.support:support-v4:23.0.0] AndroidManifest.xml:22:5-20
	android:label
		ADDED from src/main/AndroidManifest.xml:41:9-41
	android:allowBackup
		ADDED from src/main/AndroidManifest.xml:39:9-35
	android:icon
		ADDED from src/main/AndroidManifest.xml:40:9-45
	android:theme
		ADDED from src/main/AndroidManifest.xml:42:9-40
	android:name
		ADDED from src/main/AndroidManifest.xml:38:9-39
activity#com.xyggun.mydemo.StartActivity
ADDED from src/main/AndroidManifest.xml:43:9-52:20
	android:label
		ADDED from src/main/AndroidManifest.xml:45:13-45
	android:theme
		ADDED from src/main/AndroidManifest.xml:46:13-71
	android:name
		ADDED from src/main/AndroidManifest.xml:44:13-42
intent-filter#android.intent.action.MAIN+android.intent.category.LAUNCHER
ADDED from src/main/AndroidManifest.xml:47:13-51:29
action#android.intent.action.MAIN
ADDED from src/main/AndroidManifest.xml:48:17-69
	android:name
		ADDED from src/main/AndroidManifest.xml:48:25-66
category#android.intent.category.LAUNCHER
ADDED from src/main/AndroidManifest.xml:50:17-77
	android:name
		ADDED from src/main/AndroidManifest.xml:50:27-74
activity#com.xyggun.mydemo.ui.MainActivity
ADDED from src/main/AndroidManifest.xml:53:9-53
	android:name
		ADDED from src/main/AndroidManifest.xml:53:19-50
activity#com.xyggun.mydemo.ui.Demo1Activity
ADDED from src/main/AndroidManifest.xml:54:9-54
	android:name
		ADDED from src/main/AndroidManifest.xml:54:19-51
activity#com.xyggun.mydemo.ui.Demo2Activity
ADDED from src/main/AndroidManifest.xml:55:9-54
	android:name
		ADDED from src/main/AndroidManifest.xml:55:19-51
activity#com.xyggun.mydemo.ui.Demo3Activity
ADDED from src/main/AndroidManifest.xml:56:9-54
	android:name
		ADDED from src/main/AndroidManifest.xml:56:19-51
activity#com.xyggun.mydemo.ui.Demo4Activity
ADDED from src/main/AndroidManifest.xml:57:9-54
	android:name
		ADDED from src/main/AndroidManifest.xml:57:19-51
activity#com.xyggun.mydemo.jpush.JPushMainActivity
ADDED from src/main/AndroidManifest.xml:58:9-61
	android:name
		ADDED from src/main/AndroidManifest.xml:58:19-58
activity#com.xyggun.mydemo.jpush.PushSetActivity
ADDED from src/main/AndroidManifest.xml:61:9-63:48
	android:label
		ADDED from src/main/AndroidManifest.xml:63:13-45
	android:name
		ADDED from src/main/AndroidManifest.xml:62:13-50
activity#com.xyggun.mydemo.jpush.SettingActivity
ADDED from src/main/AndroidManifest.xml:65:9-67:48
	android:label
		ADDED from src/main/AndroidManifest.xml:67:13-45
	android:name
		ADDED from src/main/AndroidManifest.xml:66:13-50
activity#com.xyggun.mydemo.jpush.TestActivity
ADDED from src/main/AndroidManifest.xml:69:9-75:20
	android:name
		ADDED from src/main/AndroidManifest.xml:69:19-53
intent-filter#jpush.testAction+jpush.testCategory
ADDED from src/main/AndroidManifest.xml:70:13-74:29
action#jpush.testAction
ADDED from src/main/AndroidManifest.xml:71:17-59
	android:name
		ADDED from src/main/AndroidManifest.xml:71:25-56
category#jpush.testCategory
ADDED from src/main/AndroidManifest.xml:73:17-63
	android:name
		ADDED from src/main/AndroidManifest.xml:73:27-60
activity#cn.jpush.android.ui.PushActivity
ADDED from src/main/AndroidManifest.xml:78:9-88:20
	android:exported
		ADDED from src/main/AndroidManifest.xml:81:13-37
	android:configChanges
		ADDED from src/main/AndroidManifest.xml:80:13-63
	android:name
		ADDED from src/main/AndroidManifest.xml:79:13-60
intent-filter#android.intent.category.DEFAULT+cn.jpush.android.ui.PushActivity+com.xyggun.mydemo
ADDED from src/main/AndroidManifest.xml:82:13-87:29
action#cn.jpush.android.ui.PushActivity
ADDED from src/main/AndroidManifest.xml:83:17-75
	android:name
		ADDED from src/main/AndroidManifest.xml:83:25-72
category#android.intent.category.DEFAULT
ADDED from src/main/AndroidManifest.xml:85:17-76
	android:name
		ADDED from src/main/AndroidManifest.xml:85:27-73
category#com.xyggun.mydemo
ADDED from src/main/AndroidManifest.xml:86:17-62
	android:name
		ADDED from src/main/AndroidManifest.xml:86:27-59
service#cn.jpush.android.service.DownloadService
ADDED from src/main/AndroidManifest.xml:90:9-94:19
	android:enabled
		ADDED from src/main/AndroidManifest.xml:92:13-35
	android:exported
		ADDED from src/main/AndroidManifest.xml:93:13-37
	android:name
		ADDED from src/main/AndroidManifest.xml:91:13-68
service#cn.jpush.android.service.PushService
ADDED from src/main/AndroidManifest.xml:97:9-107:19
	android:enabled
		ADDED from src/main/AndroidManifest.xml:99:13-35
	android:exported
		ADDED from src/main/AndroidManifest.xml:100:13-37
	android:name
		ADDED from src/main/AndroidManifest.xml:98:13-64
intent-filter#cn.jpush.android.intent.PUSH_TIME+cn.jpush.android.intent.PushService+cn.jpush.android.intent.REGISTER+cn.jpush.android.intent.REPORT
ADDED from src/main/AndroidManifest.xml:101:13-106:29
action#cn.jpush.android.intent.REGISTER
ADDED from src/main/AndroidManifest.xml:102:17-75
	android:name
		ADDED from src/main/AndroidManifest.xml:102:25-72
action#cn.jpush.android.intent.REPORT
ADDED from src/main/AndroidManifest.xml:103:17-73
	android:name
		ADDED from src/main/AndroidManifest.xml:103:25-70
action#cn.jpush.android.intent.PushService
ADDED from src/main/AndroidManifest.xml:104:17-78
	android:name
		ADDED from src/main/AndroidManifest.xml:104:25-75
action#cn.jpush.android.intent.PUSH_TIME
ADDED from src/main/AndroidManifest.xml:105:17-76
	android:name
		ADDED from src/main/AndroidManifest.xml:105:25-73
service#cn.jpush.android.service.DaemonService
ADDED from src/main/AndroidManifest.xml:110:9-119:19
	android:enabled
		ADDED from src/main/AndroidManifest.xml:112:13-35
	android:exported
		ADDED from src/main/AndroidManifest.xml:113:13-36
	android:name
		ADDED from src/main/AndroidManifest.xml:111:13-66
intent-filter#cn.jpush.android.intent.DaemonService+com.xyggun.mydemo
ADDED from src/main/AndroidManifest.xml:114:13-118:29
action#cn.jpush.android.intent.DaemonService
ADDED from src/main/AndroidManifest.xml:115:17-80
	android:name
		ADDED from src/main/AndroidManifest.xml:115:25-77
receiver#cn.jpush.android.service.PushReceiver
ADDED from src/main/AndroidManifest.xml:122:9-141:20
	android:enabled
		ADDED from src/main/AndroidManifest.xml:124:13-35
	android:exported
		ADDED from src/main/AndroidManifest.xml:125:13-37
	android:name
		ADDED from src/main/AndroidManifest.xml:123:13-65
intent-filter#cn.jpush.android.intent.NOTIFICATION_RECEIVED_PROXY+com.xyggun.mydemo
ADDED from src/main/AndroidManifest.xml:126:13-129:29
	android:priority
		ADDED from src/main/AndroidManifest.xml:126:28-51
action#cn.jpush.android.intent.NOTIFICATION_RECEIVED_PROXY
ADDED from src/main/AndroidManifest.xml:127:17-94
	android:name
		ADDED from src/main/AndroidManifest.xml:127:25-91
intent-filter#android.intent.action.USER_PRESENT+android.net.conn.CONNECTIVITY_CHANGE
ADDED from src/main/AndroidManifest.xml:130:13-133:29
action#android.intent.action.USER_PRESENT
ADDED from src/main/AndroidManifest.xml:131:17-77
	android:name
		ADDED from src/main/AndroidManifest.xml:131:25-74
action#android.net.conn.CONNECTIVITY_CHANGE
ADDED from src/main/AndroidManifest.xml:132:17-79
	android:name
		ADDED from src/main/AndroidManifest.xml:132:25-76
intent-filter#android.intent.action.PACKAGE_ADDED+android.intent.action.PACKAGE_REMOVED
ADDED from src/main/AndroidManifest.xml:135:13-140:29
action#android.intent.action.PACKAGE_ADDED
ADDED from src/main/AndroidManifest.xml:136:17-78
	android:name
		ADDED from src/main/AndroidManifest.xml:136:25-75
action#android.intent.action.PACKAGE_REMOVED
ADDED from src/main/AndroidManifest.xml:137:17-80
	android:name
		ADDED from src/main/AndroidManifest.xml:137:25-77
data
ADDED from src/main/AndroidManifest.xml:139:17-50
	android:scheme
		ADDED from src/main/AndroidManifest.xml:139:23-47
receiver#cn.jpush.android.service.AlarmReceiver
ADDED from src/main/AndroidManifest.xml:144:9-75
	android:name
		ADDED from src/main/AndroidManifest.xml:144:19-72
receiver#com.xyggun.mydemo.jpush.JPushReceiver
ADDED from src/main/AndroidManifest.xml:147:9-158:20
	android:name
		ADDED from src/main/AndroidManifest.xml:147:19-54
intent-filter#cn.jpush.android.intent.ACTION_RICHPUSH_CALLBACK+cn.jpush.android.intent.CONNECTION+cn.jpush.android.intent.MESSAGE_RECEIVED+cn.jpush.android.intent.NOTIFICATION_OPENED+cn.jpush.android.intent.NOTIFICATION_RECEIVED+cn.jpush.android.intent.REGISTRATION+cn.jpush.android.intent.UNREGISTRATION+com.xyggun.mydemo
ADDED from src/main/AndroidManifest.xml:148:13-157:29
action#cn.jpush.android.intent.REGISTRATION
ADDED from src/main/AndroidManifest.xml:149:17-79
	android:name
		ADDED from src/main/AndroidManifest.xml:149:25-76
action#cn.jpush.android.intent.UNREGISTRATION
ADDED from src/main/AndroidManifest.xml:150:17-81
	android:name
		ADDED from src/main/AndroidManifest.xml:150:25-78
action#cn.jpush.android.intent.MESSAGE_RECEIVED
ADDED from src/main/AndroidManifest.xml:151:17-83
	android:name
		ADDED from src/main/AndroidManifest.xml:151:25-80
action#cn.jpush.android.intent.NOTIFICATION_RECEIVED
ADDED from src/main/AndroidManifest.xml:152:17-88
	android:name
		ADDED from src/main/AndroidManifest.xml:152:25-85
action#cn.jpush.android.intent.NOTIFICATION_OPENED
ADDED from src/main/AndroidManifest.xml:153:17-86
	android:name
		ADDED from src/main/AndroidManifest.xml:153:25-83
action#cn.jpush.android.intent.ACTION_RICHPUSH_CALLBACK
ADDED from src/main/AndroidManifest.xml:154:17-91
	android:name
		ADDED from src/main/AndroidManifest.xml:154:25-88
action#cn.jpush.android.intent.CONNECTION
ADDED from src/main/AndroidManifest.xml:155:17-77
	android:name
		ADDED from src/main/AndroidManifest.xml:155:25-74
meta-data#JPUSH_CHANNEL
ADDED from src/main/AndroidManifest.xml:161:9-163:49
	android:value
		ADDED from src/main/AndroidManifest.xml:163:13-46
	android:name
		ADDED from src/main/AndroidManifest.xml:162:13-41
meta-data#JPUSH_APPKEY
ADDED from src/main/AndroidManifest.xml:165:9-167:56
	android:value
		ADDED from src/main/AndroidManifest.xml:167:13-53
	android:name
		ADDED from src/main/AndroidManifest.xml:166:13-40
activity#com.xyggun.mydemo.baidumap.BaiduMapDemoActivity
ADDED from src/main/AndroidManifest.xml:169:9-172:20
	android:label
		ADDED from src/main/AndroidManifest.xml:171:13-66
	android:name
		ADDED from src/main/AndroidManifest.xml:170:13-58
activity#com.xyggun.mydemo.pullzoomdemo.recyclerview.PullToZoomRecyclerActivity
ADDED from src/main/AndroidManifest.xml:173:9-176:20
	android:label
		ADDED from src/main/AndroidManifest.xml:175:13-73
	android:name
		ADDED from src/main/AndroidManifest.xml:174:13-81
activity#com.xyggun.mydemo.ui.LifeCycleActivity
ADDED from src/main/AndroidManifest.xml:177:9-180:20
	android:label
		ADDED from src/main/AndroidManifest.xml:179:13-62
	android:name
		ADDED from src/main/AndroidManifest.xml:178:13-49
activity#com.xyggun.mydemo.ui.BreakPointContinueActivity
ADDED from src/main/AndroidManifest.xml:181:9-184:20
	android:label
		ADDED from src/main/AndroidManifest.xml:183:13-72
	android:name
		ADDED from src/main/AndroidManifest.xml:182:13-58
activity#com.xyggun.mydemo.ui.ToastDemoActivity
ADDED from src/main/AndroidManifest.xml:185:9-188:20
	android:label
		ADDED from src/main/AndroidManifest.xml:187:13-62
	android:name
		ADDED from src/main/AndroidManifest.xml:186:13-49
activity#android.support.v7.widget.TestActivity
ADDED from [com.android.support:recyclerview-v7:22.0.0] AndroidManifest.xml:23:9-25:56
	android:label
		ADDED from [com.android.support:recyclerview-v7:22.0.0] AndroidManifest.xml:25:13-53
	android:name
		ADDED from [com.android.support:recyclerview-v7:22.0.0] AndroidManifest.xml:24:13-66
service#com.baidu.location.f
ADDED from [mydemo:baidumaplibrary:unspecified] AndroidManifest.xml:14:9-18:19
	android:enabled
		ADDED from [mydemo:baidumaplibrary:unspecified] AndroidManifest.xml:16:13-35
	android:process
		ADDED from [mydemo:baidumaplibrary:unspecified] AndroidManifest.xml:17:13-38
	android:name
		ADDED from [mydemo:baidumaplibrary:unspecified] AndroidManifest.xml:15:13-48
meta-data#com.baidu.lbsapi.API_KEY
ADDED from [mydemo:baidumaplibrary:unspecified] AndroidManifest.xml:21:9-23:56
	android:value
		ADDED from [mydemo:baidumaplibrary:unspecified] AndroidManifest.xml:23:13-53
	android:name
		ADDED from [mydemo:baidumaplibrary:unspecified] AndroidManifest.xml:22:13-52